<?xml version="1.0" encoding="UTF-8"?>
<!-- Generated by org.testng.reporters.JUnitReportReporter -->
<testsuite hostname="MahalakshmiLingesan" failures="0" tests="3" name="com.lambdatest.runner.TestRunner" time="108.261" errors="0" timestamp="2025-09-01T21:17:20 IST" skipped="0">
  <testcase classname="com.lambdatest.runner.TestRunner" name="runScenario" time="27.876"/>
  <testcase classname="com.lambdatest.runner.TestRunner" name="runScenario" time="36.147"/>
  <testcase classname="com.lambdatest.runner.TestRunner" name="runScenario" time="44.238"/>
</testsuite> <!-- com.lambdatest.runner.TestRunner -->
